2024-12-19 11:06:24 -0600   64711 execution          WARNING  Output 'metrics' references a reduce node 'process_derived_metrics', will not take effect.
2024-12-19 11:06:39 -0600   64711 execution          WARNING  Output 'metrics' references a reduce node 'process_derived_metrics', will not take effect.
2024-12-19 11:06:39 -0600   64711 execution.flow     INFO     Start executing nodes in thread pool mode.
2024-12-19 11:06:39 -0600   64711 execution.flow     INFO     Start to run 5 nodes with concurrency level 16.
2024-12-19 11:06:39 -0600   64711 execution.flow     INFO     Executing node extract_query_from_question. node run id: 51ba82b2-8545-4aef-9f51-a1f46dd9b0e6_extract_query_from_question_0
2024-12-19 11:06:40 -0600   64711 execution.flow     WARNING  Failed to calculate metrics due to exception: unsupported operand type(s) for +: 'int' and 'NoneType'.
2024-12-19 11:06:40 -0600   64711 execution.flow     INFO     Node extract_query_from_question completes.
2024-12-19 11:06:40 -0600   64711 execution.flow     INFO     Executing node get_wiki_url. node run id: 51ba82b2-8545-4aef-9f51-a1f46dd9b0e6_get_wiki_url_0
2024-12-19 11:06:41 -0600   64711 execution.flow     INFO     [get_wiki_url in line 0 (index starts from 0)] stdout> Could not find  sun: massive, hot, glowing sphere of plasma. Similar ententity: ['Glossary of astronomy', 'Inertial confinement fusion '].
2024-12-19 11:06:41 -0600   64711 execution.flow     INFO     Node get_wiki_url completes.
2024-12-19 11:06:41 -0600   64711 execution.flow     INFO     Executing node search_result_from_url. node run id: 51ba82b2-8545-4aef-9f51-a1f46dd9b0e6_search_result_from_url_0
2024-12-19 11:06:43 -0600   64711 execution.flow     INFO     Node search_result_from_url completes.
2024-12-19 11:06:43 -0600   64711 execution.flow     INFO     Executing node process_search_result. node run id: 51ba82b2-8545-4aef-9f51-a1f46dd9b0e6_process_search_result_0
2024-12-19 11:06:43 -0600   64711 execution.flow     INFO     Node process_search_result completes.
2024-12-19 11:06:43 -0600   64711 execution.flow     INFO     Executing node augmented_chat. node run id: 51ba82b2-8545-4aef-9f51-a1f46dd9b0e6_augmented_chat_0
2024-12-19 11:06:46 -0600   64711 execution.flow     WARNING  Failed to calculate metrics due to exception: unsupported operand type(s) for +: 'int' and 'NoneType'.
2024-12-19 11:06:46 -0600   64711 execution.flow     INFO     Node augmented_chat completes.
2024-12-19 11:06:46 -0600   64711 execution.flow     INFO     Start executing nodes in thread pool mode.
2024-12-19 11:06:46 -0600   64711 execution.flow     INFO     Start to run 2 nodes with concurrency level 16.
2024-12-19 11:06:46 -0600   64711 execution.flow     INFO     Executing node process_independent_metrics. node run id: dc55edd2-cf76-416a-ba86-8cdcbf27784e_process_independent_metrics_reduce
2024-12-19 11:06:46 -0600   64711 execution.flow     INFO     Node process_independent_metrics completes.
2024-12-19 11:06:46 -0600   64711 execution.flow     INFO     Executing node process_derived_metrics. node run id: dc55edd2-cf76-416a-ba86-8cdcbf27784e_process_derived_metrics_reduce
2024-12-19 11:06:46 -0600   64711 execution.flow     INFO     Node process_derived_metrics completes.
